<?xml version="1.0" encoding="UTF-8"?>
<!-- Generated by org.testng.reporters.JUnitXMLReporter -->
<testsuite ignored="0" hostname="DESKTOP-91I88RH" failures="0" tests="6" name="Email Chat" time="3.265" errors="0" timestamp="21 Jan 2022 19:30:43 GMT">
  <testcase classname="com.twilioTests.BaseTest" name="@BeforeTest beforeTest" time="2.199">
    <failure type="org.openqa.selenium.SessionNotCreatedException" message="Could not start a new session. Response code 500. Message: session not created: This version of ChromeDriver only supports Chrome version 90
Current browser version is 97.0.4692.71 with binary path C:\Program Files\Google\Chrome\Application\chrome.exe
Build info: version: &amp;apos;4.0.0-beta-3&amp;apos;, revision: &amp;apos;5d108f9a67&amp;apos;
System info: host: &amp;apos;DESKTOP-91I88RH&amp;apos;, ip: &amp;apos;192.168.0.108&amp;apos;, os.name: &amp;apos;Windows 10&amp;apos;, os.arch: &amp;apos;amd64&amp;apos;, os.version: &amp;apos;10.0&amp;apos;, java.version: &amp;apos;17.0.1&amp;apos;
Driver info: org.openqa.selenium.chrome.ChromeDriver
Command: [null, newSession {desiredCapabilities=Capabilities {browserName: chrome}}]">
      <![CDATA[org.openqa.selenium.SessionNotCreatedException: Could not start a new session. Response code 500. Message: session not created: This version of ChromeDriver only supports Chrome version 90
Current browser version is 97.0.4692.71 with binary path C:\Program Files\Google\Chrome\Application\chrome.exe
Build info: version: '4.0.0-beta-3', revision: '5d108f9a67'
System info: host: 'DESKTOP-91I88RH', ip: '192.168.0.108', os.name: 'Windows 10', os.arch: 'amd64', os.version: '10.0', java.version: '17.0.1'
Driver info: org.openqa.selenium.chrome.ChromeDriver
Command: [null, newSession {desiredCapabilities=Capabilities {browserName: chrome}}]
at org.openqa.selenium.remote.ProtocolHandshake.createSession(ProtocolHandshake.java:126)
at org.openqa.selenium.remote.ProtocolHandshake.createSession(ProtocolHandshake.java:84)
at org.openqa.selenium.remote.ProtocolHandshake.createSession(ProtocolHandshake.java:62)
at org.openqa.selenium.remote.HttpCommandExecutor.execute(HttpCommandExecutor.java:156)
at org.openqa.selenium.remote.service.DriverCommandExecutor.invokeExecute(DriverCommandExecutor.java:153)
at org.openqa.selenium.remote.service.DriverCommandExecutor.execute(DriverCommandExecutor.java:128)
at org.openqa.selenium.remote.RemoteWebDriver.execute(RemoteWebDriver.java:619)
at org.openqa.selenium.remote.RemoteWebDriver.startSession(RemoteWebDriver.java:251)
at org.openqa.selenium.remote.RemoteWebDriver.<init>(RemoteWebDriver.java:173)
at org.openqa.selenium.chromium.ChromiumDriver.<init>(ChromiumDriver.java:89)
at org.openqa.selenium.chrome.ChromeDriver.<init>(ChromeDriver.java:99)
at org.openqa.selenium.chrome.ChromeDriver.<init>(ChromeDriver.java:86)
at org.openqa.selenium.chrome.ChromeDriver.<init>(ChromeDriver.java:41)
at com.twilioTests.BaseTest.beforeTest(BaseTest.java:36)
... Removed 24 stack frames]]>
    </failure>
  </testcase> <!-- @BeforeTest beforeTest -->
  <testcase classname="com.twilioTests.TwilioGmailTest" name="@AfterTest afterTest" time="0.0">
    <skipped/>
  </testcase> <!-- @AfterTest afterTest -->
  <testcase classname="com.twilioTests.TwilioGmailTest" name="Inbound_NM_CustomerEmailToTwilio" time="0.0">
    <skipped/>
  </testcase> <!-- Inbound_NM_CustomerEmailToTwilio -->
  <testcase classname="com.twilioTests.TwilioGmailTest" name="Outbound_NM_twilioReplyToCustomerEmail" time="0.0">
    <skipped/>
  </testcase> <!-- Outbound_NM_twilioReplyToCustomerEmail -->
  <testcase classname="com.twilioTests.TwilioGmailTest" name="Inbound_BG_CustomerEmailToTwilio" time="0.0">
    <skipped/>
  </testcase> <!-- Inbound_BG_CustomerEmailToTwilio -->
  <testcase classname="com.twilioTests.TwilioGmailTest" name="Outbound_BG_twilioReplyToCustomerEmail" time="0.0">
    <skipped/>
  </testcase> <!-- Outbound_BG_twilioReplyToCustomerEmail -->
  <testcase classname="com.twilioTests.TwilioGmailTest" name="Inbound_HC_CustomerEmailToTwilio" time="0.0">
    <skipped/>
  </testcase> <!-- Inbound_HC_CustomerEmailToTwilio -->
  <testcase classname="com.twilioTests.TwilioGmailTest" name="Outbound_HC_twilioReplyToCustomerEmail" time="0.0">
    <skipped/>
  </testcase> <!-- Outbound_HC_twilioReplyToCustomerEmail -->
</testsuite> <!-- Email Chat -->
